__main__ [level 20 INFO 2021/07/19 01:24:32.950 AM, line 499 in __main__.py | Thread MainThread 29124 Process MainProcess 1164] Application started.
__main__ [level 20 INFO 2021/07/19 01:26:02.787 AM, line 499 in __main__.py | Thread MainThread 16424 Process MainProcess 15512] Application started.
__main__ [level 20 INFO 2021/07/19 01:26:15.117 AM, line 499 in __main__.py | Thread MainThread 13864 Process MainProcess 16252] Application started.
__main__ [level 20 INFO 2021/07/19 01:26:24.819 AM, line 499 in __main__.py | Thread MainThread 15292 Process MainProcess 18176] Application started.
__main__ [level 20 INFO 2021/07/19 01:26:50.338 AM, line 499 in __main__.py | Thread MainThread 20468 Process MainProcess 26368] Application started.
__main__ [level 20 INFO 2021/07/19 01:27:17.39 AM, line 485 in __main__.py | Thread MainThread 20468 Process MainProcess 26368] Application closed.
__main__ [level 20 INFO 2021/07/19 02:05:16.803 AM, line 499 in __main__.py | Thread MainThread 28488 Process MainProcess 28972] Application started.
__main__ [level 20 INFO 2021/07/19 02:05:25.574 AM, line 485 in __main__.py | Thread MainThread 28488 Process MainProcess 28972] Application closed.
__main__ [level 20 INFO 2021/07/19 02:05:59.943 AM, line 499 in __main__.py | Thread MainThread 12004 Process MainProcess 28248] Application started.
__main__ [level 20 INFO 2021/07/19 02:06:27.302 AM, line 485 in __main__.py | Thread MainThread 12004 Process MainProcess 28248] Application closed.
__main__ [level 20 INFO 2021/07/19 02:18:25.713 AM, line 499 in __main__.py | Thread MainThread 19056 Process MainProcess 2920] Application started.
__main__ [level 20 INFO 2021/07/19 02:19:59.574 AM, line 499 in __main__.py | Thread MainThread 19004 Process MainProcess 14836] Application started.
__main__ [level 20 INFO 2021/07/19 02:22:23.733 AM, line 499 in __main__.py | Thread MainThread 524 Process MainProcess 16040] Application started.
__main__ [level 20 INFO 2021/07/19 02:22:28.660 AM, line 485 in __main__.py | Thread MainThread 524 Process MainProcess 16040] Application closed.
__main__ [level 20 INFO 2021/07/19 02:30:58.163 AM, line 499 in __main__.py | Thread MainThread 27544 Process MainProcess 3700] Application started.
__main__ [level 20 INFO 2021/07/19 02:31:10.170 AM, line 485 in __main__.py | Thread MainThread 27544 Process MainProcess 3700] Application closed.
__main__ [level 20 INFO 2021/07/19 02:40:17.883 AM, line 499 in __main__.py | Thread MainThread 12012 Process MainProcess 4284] Application started.
__main__ [level 20 INFO 2021/07/19 02:41:09.530 AM, line 485 in __main__.py | Thread MainThread 12012 Process MainProcess 4284] Application closed.
__main__ [level 20 INFO 2021/07/19 02:46:32.281 AM, line 499 in __main__.py | Thread MainThread 5736 Process MainProcess 24416] Application started.
__main__ [level 20 INFO 2021/07/19 02:46:36.567 AM, line 485 in __main__.py | Thread MainThread 5736 Process MainProcess 24416] Application closed.
__main__ [level 20 INFO 2021/07/19 02:48:36.478 AM, line 499 in __main__.py | Thread MainThread 25236 Process MainProcess 28900] Application started.
__main__ [level 20 INFO 2021/07/19 02:48:37.596 AM, line 485 in __main__.py | Thread MainThread 25236 Process MainProcess 28900] Application closed.
__main__ [level 20 INFO 2021/07/19 02:48:45.661 AM, line 499 in __main__.py | Thread MainThread 8916 Process MainProcess 13636] Application started.
__main__ [level 20 INFO 2021/07/19 02:49:20.253 AM, line 485 in __main__.py | Thread MainThread 8916 Process MainProcess 13636] Application closed.
__main__ [level 20 INFO 2021/07/19 02:49:54.206 AM, line 499 in __main__.py | Thread MainThread 12216 Process MainProcess 19628] Application started.
__main__ [level 20 INFO 2021/07/19 02:50:11.849 AM, line 485 in __main__.py | Thread MainThread 12216 Process MainProcess 19628] Application closed.
__main__ [level 20 INFO 2021/07/19 02:51:46.392 AM, line 499 in __main__.py | Thread MainThread 2236 Process MainProcess 15216] Application started.
__main__ [level 10 DEBUG 2021/07/19 02:51:54.638 AM, line 370 in __main__.py | Thread MainThread 2236 Process MainProcess 15216] Attempted to decode "" by Base64. Result: ""
__main__ [level 20 INFO 2021/07/19 02:52:03.182 AM, line 485 in __main__.py | Thread MainThread 2236 Process MainProcess 15216] Application closed.
__main__ [level 20 INFO 2021/07/19 02:54:28.798 AM, line 499 in __main__.py | Thread MainThread 10032 Process MainProcess 25044] Application started.
__main__ [level 20 INFO 2021/07/19 02:54:35.435 AM, line 485 in __main__.py | Thread MainThread 10032 Process MainProcess 25044] Application closed.
__main__ [level 20 INFO 2021/07/19 02:54:40.700 AM, line 499 in __main__.py | Thread MainThread 4840 Process MainProcess 23656] Application started.
__main__ [level 20 INFO 2021/07/19 02:54:47.323 AM, line 485 in __main__.py | Thread MainThread 4840 Process MainProcess 23656] Application closed.
__main__ [level 20 INFO 2021/07/19 02:55:56.102 AM, line 499 in __main__.py | Thread MainThread 13428 Process MainProcess 26908] Application started.
__main__ [level 20 INFO 2021/07/19 02:55:59.771 AM, line 485 in __main__.py | Thread MainThread 13428 Process MainProcess 26908] Application closed.
__main__ [level 20 INFO 2021/07/19 02:56:15.794 AM, line 499 in __main__.py | Thread MainThread 12928 Process MainProcess 24356] Application started.
__main__ [level 20 INFO 2021/07/19 02:56:17.624 AM, line 485 in __main__.py | Thread MainThread 12928 Process MainProcess 24356] Application closed.
__main__ [level 20 INFO 2021/07/19 02:56:37.934 AM, line 499 in __main__.py | Thread MainThread 29624 Process MainProcess 28472] Application started.
__main__ [level 20 INFO 2021/07/19 02:56:54.107 AM, line 485 in __main__.py | Thread MainThread 29624 Process MainProcess 28472] Application closed.
__main__ [level 20 INFO 2021/07/19 02:57:37.508 AM, line 499 in __main__.py | Thread MainThread 28000 Process MainProcess 9296] Application started.
__main__ [level 20 INFO 2021/07/19 02:57:53.702 AM, line 485 in __main__.py | Thread MainThread 28000 Process MainProcess 9296] Application closed.
__main__ [level 20 INFO 2021/07/19 02:58:55.854 AM, line 499 in __main__.py | Thread MainThread 14712 Process MainProcess 25260] Application started.
__main__ [level 20 INFO 2021/07/19 02:59:44.565 AM, line 485 in __main__.py | Thread MainThread 14712 Process MainProcess 25260] Application closed.
__main__ [level 20 INFO 2021/07/19 03:01:00.805 AM, line 499 in __main__.py | Thread MainThread 28132 Process MainProcess 28680] Application started.
__main__ [level 20 INFO 2021/07/19 03:01:02.499 AM, line 485 in __main__.py | Thread MainThread 28132 Process MainProcess 28680] Application closed.
__main__ [level 20 INFO 2021/07/19 03:01:12.157 AM, line 499 in __main__.py | Thread MainThread 20572 Process MainProcess 11880] Application started.
__main__ [level 20 INFO 2021/07/19 03:01:42.87 AM, line 499 in __main__.py | Thread MainThread 15900 Process MainProcess 21912] Application started.
__main__ [level 20 INFO 2021/07/19 03:02:16.70 AM, line 485 in __main__.py | Thread MainThread 15900 Process MainProcess 21912] Application closed.
__main__ [level 20 INFO 2021/07/19 03:02:40.761 AM, line 499 in __main__.py | Thread MainThread 29392 Process MainProcess 10540] Application started.
__main__ [level 20 INFO 2021/07/19 03:04:18.936 AM, line 485 in __main__.py | Thread MainThread 29392 Process MainProcess 10540] Application closed.
__main__ [level 20 INFO 2021/07/19 03:08:47.4 AM, line 499 in __main__.py | Thread MainThread 9064 Process MainProcess 11476] Application started.
__main__ [level 20 INFO 2021/07/19 03:09:01.197 AM, line 485 in __main__.py | Thread MainThread 9064 Process MainProcess 11476] Application closed.
__main__ [level 20 INFO 2021/07/19 03:10:57.295 AM, line 499 in __main__.py | Thread MainThread 25332 Process MainProcess 21596] Application started.
__main__ [level 10 DEBUG 2021/07/19 03:11:29.688 AM, line 364 in __main__.py | Thread MainThread 25332 Process MainProcess 21596] Attempted to encode "PyQt5==5.15.4
colorlog>=5.0.1
requests>=2.25.1
clipboard>=0.0.4
Markdown>=3.3.4" by Base64. Result: "UHlRdDU9PTUuMTUuNApjb2xvcmxvZz49NS4wLjEKcmVxdWVzdHM+PTIuMjUuMQpjbGlwYm9hcmQ+PTAuMC40Ck1hcmtkb3duPj0zLjMuNA=="
__main__ [level 20 INFO 2021/07/19 03:12:11.958 AM, line 499 in __main__.py | Thread MainThread 21452 Process MainProcess 29616] Application started.
__main__ [level 20 INFO 2021/07/19 03:12:37.999 AM, line 499 in __main__.py | Thread MainThread 23228 Process MainProcess 16088] Application started.
__main__ [level 20 INFO 2021/07/19 03:13:05.113 AM, line 499 in __main__.py | Thread MainThread 13920 Process MainProcess 4388] Application started.
__main__ [level 20 INFO 2021/07/19 03:13:32.709 AM, line 485 in __main__.py | Thread MainThread 13920 Process MainProcess 4388] Application closed.
__main__ [level 20 INFO 2021/07/19 03:15:10.171 AM, line 499 in __main__.py | Thread MainThread 22396 Process MainProcess 24808] Application started.
__main__ [level 20 INFO 2021/07/19 03:15:38.767 AM, line 485 in __main__.py | Thread MainThread 22396 Process MainProcess 24808] Application closed.
__main__ [level 20 INFO 2021/07/19 03:23:57.659 AM, line 499 in __main__.py | Thread MainThread 22860 Process MainProcess 29236] Application started.
__main__ [level 20 INFO 2021/07/19 03:24:15.251 AM, line 485 in __main__.py | Thread MainThread 22860 Process MainProcess 29236] Application closed.
__main__ [level 20 INFO 2021/07/19 03:26:12.547 AM, line 499 in __main__.py | Thread MainThread 7740 Process MainProcess 10228] Application started.
__main__ [level 20 INFO 2021/07/19 03:26:19.235 AM, line 485 in __main__.py | Thread MainThread 7740 Process MainProcess 10228] Application closed.
__main__ [level 20 INFO 2021/07/19 03:34:13.986 AM, line 499 in __main__.py | Thread MainThread 22876 Process MainProcess 14780] Application started.
__main__ [level 20 INFO 2021/07/19 03:34:27.787 AM, line 485 in __main__.py | Thread MainThread 22876 Process MainProcess 14780] Application closed.
__main__ [level 20 INFO 2021/07/19 03:36:48.437 AM, line 499 in __main__.py | Thread MainThread 3104 Process MainProcess 28296] Application started.
__main__ [level 20 INFO 2021/07/19 03:37:02.764 AM, line 485 in __main__.py | Thread MainThread 3104 Process MainProcess 28296] Application closed.
